<?xml version="1.0" encoding="UTF-8"?>
<!-- Generated by org.testng.reporters.JUnitReportReporter -->
<testsuite hostname="DESKTOP-NH3DV7T" failures="0" tests="1" name="TestScripts.TC5_Test" time="93.766" errors="0" timestamp="2021-05-06T21:33:16 IST" skipped="0">
  <testcase classname="TestScripts.TC5_Test" name="loginTest" time="93.766"/>
  <system-out>
Home page is displayed Product list page is displayed new Product page is displayed Product is created with msg[ PRO67 ] Pendrive - Product Information   Updated today (06 May 2021) By Administrator  login page is displayed  </system-out>
</testsuite> <!-- TestScripts.TC5_Test -->
