<?xml version="1.0" encoding="UTF-8"?>
<!-- Generated by org.testng.reporters.JUnitReportReporter -->
<testsuite hostname="DESKTOP-NH3DV7T" failures="0" tests="1" name="TestScripts.Demo1" time="12.049" errors="0" timestamp="2021-05-07T12:28:28 IST" skipped="0">
  <testcase classname="TestScripts.Demo1" name="openApp" time="12.049"/>
  <system-out>
Browser launched successfully window maximized successfully  </system-out>
</testsuite> <!-- TestScripts.Demo1 -->
