<?xml version="1.0" encoding="UTF-8"?>
<!-- Generated by org.testng.reporters.JUnitReportReporter -->
<testsuite hostname="DESKTOP-NH3DV7T" failures="0" tests="1" name="TestScripts.TC_3Test" time="73.354" errors="0" timestamp="2021-05-07T12:55:19 IST" skipped="0">
  <testcase classname="TestScripts.TC_3Test" name="loginTest" time="73.354"/>
  <system-out>
Home page is displayed Product list page is displayed new Product page is displayed Product is added successfully Product is active login page is displayed  </system-out>
</testsuite> <!-- TestScripts.TC_3Test -->
