<?xml version="1.0" encoding="UTF-8"?>
<!-- Generated by org.testng.reporters.JUnitReportReporter -->
<testsuite hostname="DESKTOP-NH3DV7T" failures="0" tests="1" name="groupExecution.TC_1Test" time="136.354" errors="0" timestamp="2021-05-07T00:32:08 IST" skipped="0">
  <testcase classname="groupExecution.TC_1Test" name="loginTest" time="136.354"/>
  <system-out>
Home page is displayed Product list page is displayed new Product page is displayed Product is added successfully  </system-out>
</testsuite> <!-- groupExecution.TC_1Test -->
